  Tickbase.cpp
C:\Users\userWIN\source\repos\Osiris-master\Osiris\SDK\Vector.h(158,38): warning C4244: '=': conversion from 'double' to 'float', possible loss of data
C:\Users\userWIN\source\repos\Osiris-master\Osiris\SDK\Vector.h(163,43): warning C4244: '=': conversion from 'double' to 'float', possible loss of data
C:\Users\userWIN\source\repos\Osiris-master\Osiris\SDK\Entity.h(420,34): warning C4101: 'e': unreferenced local variable
C:\Users\userWIN\source\repos\Osiris-master\Osiris\SDK\Entity.h(433,57): warning C4244: 'argument': conversion from 'double' to 'float', possible loss of data
C:\Users\userWIN\source\repos\Osiris-master\Osiris\SDK\Entity.h(435,1): warning C4244: '+=': conversion from 'double' to 'float', possible loss of data
C:\Users\userWIN\source\repos\Osiris-master\Osiris\SDK\Entity.h(439,26): warning C4244: '=': conversion from 'int' to 'float', possible loss of data
C:\Users\userWIN\source\repos\Osiris-master\Osiris\SDK\Entity.h(443,1): warning C4244: '+=': conversion from 'double' to 'float', possible loss of data
C:\Users\userWIN\source\repos\Osiris-master\Osiris\SDK\Entity.h(446,26): warning C4244: '=': conversion from 'int' to 'float', possible loss of data
C:\Users\userWIN\source\repos\Osiris-master\Osiris\SDK\Entity.h(451,1): warning C4244: '+=': conversion from 'double' to 'float', possible loss of data
C:\Users\userWIN\source\repos\Osiris-master\Osiris\SDK\Entity.h(455,26): warning C4244: '=': conversion from 'int' to 'float', possible loss of data
C:\Users\userWIN\source\repos\Osiris-master\Osiris\SDK\Entity.h(459,1): warning C4244: '+=': conversion from 'double' to 'float', possible loss of data
C:\Users\userWIN\source\repos\Osiris-master\Osiris\SDK\Entity.h(462,26): warning C4244: '=': conversion from 'int' to 'float', possible loss of data
C:\Users\userWIN\source\repos\Osiris-master\Osiris\SDK\Entity.h(467,16): warning C4244: 'return': conversion from 'float' to 'int', possible loss of data
C:\Users\userWIN\source\repos\Osiris-master\Osiris\SDK\Entity.h(480,116): warning C4838: conversion from 'double' to 'float' requires a narrowing conversion
C:\Users\userWIN\source\repos\Osiris-master\Osiris\SDK\Entity.h(480,116): warning C4244: 'initializing': conversion from 'double' to 'float', possible loss of data
C:\Users\userWIN\source\repos\Osiris-master\Osiris\SDK\Entity.h(481,106): warning C4838: conversion from 'double' to 'float' requires a narrowing conversion
C:\Users\userWIN\source\repos\Osiris-master\Osiris\SDK\Entity.h(481,106): warning C4244: 'initializing': conversion from 'double' to 'float', possible loss of data
C:\Users\userWIN\source\repos\Osiris-master\Osiris\SDK\Entity.h(492,20): warning C4244: 'initializing': conversion from 'float' to 'int', possible loss of data
C:\Users\userWIN\source\repos\Osiris-master\Osiris\SDK\Entity.h(492,1): warning C4244: '+=': conversion from 'float' to 'int', possible loss of data
C:\Users\userWIN\source\repos\Osiris-master\Osiris\SDK\Entity.h(493,121): warning C4838: conversion from 'double' to 'float' requires a narrowing conversion
C:\Users\userWIN\source\repos\Osiris-master\Osiris\SDK\Entity.h(493,121): warning C4244: 'initializing': conversion from 'double' to 'float', possible loss of data
C:\Users\userWIN\source\repos\Osiris-master\Osiris\SDK\Entity.h(494,122): warning C4838: conversion from 'double' to 'float' requires a narrowing conversion
C:\Users\userWIN\source\repos\Osiris-master\Osiris\SDK\Entity.h(494,122): warning C4244: 'initializing': conversion from 'double' to 'float', possible loss of data
C:\Users\userWIN\source\repos\Osiris-master\Osiris\SDK\Entity.h(501,24): warning C4244: 'return': conversion from 'int' to 'float', possible loss of data
C:\Users\userWIN\source\repos\Osiris-master\Osiris\SDK\Entity.h(503,26): warning C4244: '=': conversion from 'int' to 'float', possible loss of data
  LINK : C:\Users\userWIN\source\repos\Osiris-master\Debug\Osiris.dll not found or not built by the last incremental link; performing full link
  Osiris.vcxproj -> C:\Users\userWIN\source\repos\Osiris-master\Debug\Osiris.dll
