  Chams.cpp
  Resolver.cpp
C:\Users\userWIN\source\repos\Osiris-master\Osiris\SDK\Vector.h(145,38): warning C4244: '=': conversion from 'double' to 'float', possible loss of data (compiling source file Hacks\Resolver.cpp)
C:\Users\userWIN\source\repos\Osiris-master\Osiris\SDK\Vector.h(150,43): warning C4244: '=': conversion from 'double' to 'float', possible loss of data (compiling source file Hacks\Resolver.cpp)
C:\Users\userWIN\source\repos\Osiris-master\Osiris\SDK\Vector.h(145,38): warning C4244: '=': conversion from 'double' to 'float', possible loss of data (compiling source file Hacks\Chams.cpp)
C:\Users\userWIN\source\repos\Osiris-master\Osiris\SDK\Vector.h(150,43): warning C4244: '=': conversion from 'double' to 'float', possible loss of data (compiling source file Hacks\Chams.cpp)
C:\Users\userWIN\source\repos\Osiris-master\Osiris\SDK\Entity.h(411,1): warning C4530: C++ exception handler used, but unwind semantics are not enabled. Specify /EHsc (compiling source file Hacks\Resolver.cpp)
C:\Users\userWIN\source\repos\Osiris-master\Osiris\SDK\Entity.h(420,34): warning C4101: 'e': unreferenced local variable (compiling source file Hacks\Resolver.cpp)
C:\Users\userWIN\source\repos\Osiris-master\Osiris\SDK\Entity.h(433,57): warning C4244: 'argument': conversion from 'double' to 'float', possible loss of data (compiling source file Hacks\Resolver.cpp)
C:\Users\userWIN\source\repos\Osiris-master\Osiris\SDK\Entity.h(435,1): warning C4244: '+=': conversion from 'double' to 'float', possible loss of data (compiling source file Hacks\Resolver.cpp)
C:\Users\userWIN\source\repos\Osiris-master\Osiris\SDK\Entity.h(439,26): warning C4244: '=': conversion from 'int' to 'float', possible loss of data (compiling source file Hacks\Resolver.cpp)
C:\Users\userWIN\source\repos\Osiris-master\Osiris\SDK\Entity.h(443,1): warning C4244: '+=': conversion from 'double' to 'float', possible loss of data (compiling source file Hacks\Resolver.cpp)
C:\Users\userWIN\source\repos\Osiris-master\Osiris\SDK\Entity.h(446,26): warning C4244: '=': conversion from 'int' to 'float', possible loss of data (compiling source file Hacks\Resolver.cpp)
C:\Users\userWIN\source\repos\Osiris-master\Osiris\SDK\Entity.h(451,1): warning C4244: '+=': conversion from 'double' to 'float', possible loss of data (compiling source file Hacks\Resolver.cpp)
C:\Users\userWIN\source\repos\Osiris-master\Osiris\SDK\Entity.h(455,26): warning C4244: '=': conversion from 'int' to 'float', possible loss of data (compiling source file Hacks\Resolver.cpp)
C:\Users\userWIN\source\repos\Osiris-master\Osiris\SDK\Entity.h(459,1): warning C4244: '+=': conversion from 'double' to 'float', possible loss of data (compiling source file Hacks\Resolver.cpp)
C:\Users\userWIN\source\repos\Osiris-master\Osiris\SDK\Entity.h(462,26): warning C4244: '=': conversion from 'int' to 'float', possible loss of data (compiling source file Hacks\Resolver.cpp)
C:\Users\userWIN\source\repos\Osiris-master\Osiris\SDK\Entity.h(467,16): warning C4244: 'return': conversion from 'float' to 'int', possible loss of data (compiling source file Hacks\Resolver.cpp)
C:\Users\userWIN\source\repos\Osiris-master\Osiris\SDK\Entity.h(480,116): warning C4838: conversion from 'double' to 'float' requires a narrowing conversion (compiling source file Hacks\Resolver.cpp)
C:\Users\userWIN\source\repos\Osiris-master\Osiris\SDK\Entity.h(480,116): warning C4244: 'initializing': conversion from 'double' to 'float', possible loss of data (compiling source file Hacks\Resolver.cpp)
C:\Users\userWIN\source\repos\Osiris-master\Osiris\SDK\Entity.h(481,106): warning C4838: conversion from 'double' to 'float' requires a narrowing conversion (compiling source file Hacks\Resolver.cpp)
C:\Users\userWIN\source\repos\Osiris-master\Osiris\SDK\Entity.h(481,106): warning C4244: 'initializing': conversion from 'double' to 'float', possible loss of data (compiling source file Hacks\Resolver.cpp)
C:\Users\userWIN\source\repos\Osiris-master\Osiris\SDK\Entity.h(492,20): warning C4244: 'initializing': conversion from 'float' to 'int', possible loss of data (compiling source file Hacks\Resolver.cpp)
C:\Users\userWIN\source\repos\Osiris-master\Osiris\SDK\Entity.h(492,1): warning C4244: '+=': conversion from 'float' to 'int', possible loss of data (compiling source file Hacks\Resolver.cpp)
C:\Users\userWIN\source\repos\Osiris-master\Osiris\SDK\Entity.h(493,121): warning C4838: conversion from 'double' to 'float' requires a narrowing conversion (compiling source file Hacks\Resolver.cpp)
C:\Users\userWIN\source\repos\Osiris-master\Osiris\SDK\Entity.h(493,121): warning C4244: 'initializing': conversion from 'double' to 'float', possible loss of data (compiling source file Hacks\Resolver.cpp)
C:\Users\userWIN\source\repos\Osiris-master\Osiris\SDK\Entity.h(494,122): warning C4838: conversion from 'double' to 'float' requires a narrowing conversion (compiling source file Hacks\Resolver.cpp)
C:\Users\userWIN\source\repos\Osiris-master\Osiris\SDK\Entity.h(494,122): warning C4244: 'initializing': conversion from 'double' to 'float', possible loss of data (compiling source file Hacks\Resolver.cpp)
C:\Users\userWIN\source\repos\Osiris-master\Osiris\SDK\Entity.h(501,24): warning C4244: 'return': conversion from 'int' to 'float', possible loss of data (compiling source file Hacks\Resolver.cpp)
C:\Users\userWIN\source\repos\Osiris-master\Osiris\SDK\Entity.h(503,26): warning C4244: '=': conversion from 'int' to 'float', possible loss of data (compiling source file Hacks\Resolver.cpp)
C:\Users\userWIN\source\repos\Osiris-master\Osiris\SDK\Entity.h(411,1): warning C4530: C++ exception handler used, but unwind semantics are not enabled. Specify /EHsc (compiling source file Hacks\Chams.cpp)
C:\Users\userWIN\source\repos\Osiris-master\Osiris\SDK\Entity.h(420,34): warning C4101: 'e': unreferenced local variable (compiling source file Hacks\Chams.cpp)
C:\Users\userWIN\source\repos\Osiris-master\Osiris\SDK\Entity.h(433,57): warning C4244: 'argument': conversion from 'double' to 'float', possible loss of data (compiling source file Hacks\Chams.cpp)
C:\Users\userWIN\source\repos\Osiris-master\Osiris\SDK\Entity.h(435,1): warning C4244: '+=': conversion from 'double' to 'float', possible loss of data (compiling source file Hacks\Chams.cpp)
C:\Users\userWIN\source\repos\Osiris-master\Osiris\SDK\Entity.h(439,26): warning C4244: '=': conversion from 'int' to 'float', possible loss of data (compiling source file Hacks\Chams.cpp)
C:\Users\userWIN\source\repos\Osiris-master\Osiris\SDK\Entity.h(443,1): warning C4244: '+=': conversion from 'double' to 'float', possible loss of data (compiling source file Hacks\Chams.cpp)
C:\Users\userWIN\source\repos\Osiris-master\Osiris\SDK\Entity.h(446,26): warning C4244: '=': conversion from 'int' to 'float', possible loss of data (compiling source file Hacks\Chams.cpp)
C:\Users\userWIN\source\repos\Osiris-master\Osiris\SDK\Entity.h(451,1): warning C4244: '+=': conversion from 'double' to 'float', possible loss of data (compiling source file Hacks\Chams.cpp)
C:\Users\userWIN\source\repos\Osiris-master\Osiris\SDK\Entity.h(455,26): warning C4244: '=': conversion from 'int' to 'float', possible loss of data (compiling source file Hacks\Chams.cpp)
C:\Users\userWIN\source\repos\Osiris-master\Osiris\SDK\Entity.h(459,1): warning C4244: '+=': conversion from 'double' to 'float', possible loss of data (compiling source file Hacks\Chams.cpp)
C:\Users\userWIN\source\repos\Osiris-master\Osiris\SDK\Entity.h(462,26): warning C4244: '=': conversion from 'int' to 'float', possible loss of data (compiling source file Hacks\Chams.cpp)
C:\Users\userWIN\source\repos\Osiris-master\Osiris\SDK\Entity.h(467,16): warning C4244: 'return': conversion from 'float' to 'int', possible loss of data (compiling source file Hacks\Chams.cpp)
C:\Users\userWIN\source\repos\Osiris-master\Osiris\SDK\Entity.h(480,116): warning C4838: conversion from 'double' to 'float' requires a narrowing conversion (compiling source file Hacks\Chams.cpp)
C:\Users\userWIN\source\repos\Osiris-master\Osiris\SDK\Entity.h(480,116): warning C4244: 'initializing': conversion from 'double' to 'float', possible loss of data (compiling source file Hacks\Chams.cpp)
C:\Users\userWIN\source\repos\Osiris-master\Osiris\SDK\Entity.h(481,106): warning C4838: conversion from 'double' to 'float' requires a narrowing conversion (compiling source file Hacks\Chams.cpp)
C:\Users\userWIN\source\repos\Osiris-master\Osiris\SDK\Entity.h(481,106): warning C4244: 'initializing': conversion from 'double' to 'float', possible loss of data (compiling source file Hacks\Chams.cpp)
C:\Users\userWIN\source\repos\Osiris-master\Osiris\SDK\Entity.h(492,20): warning C4244: 'initializing': conversion from 'float' to 'int', possible loss of data (compiling source file Hacks\Chams.cpp)
C:\Users\userWIN\source\repos\Osiris-master\Osiris\SDK\Entity.h(492,1): warning C4244: '+=': conversion from 'float' to 'int', possible loss of data (compiling source file Hacks\Chams.cpp)
C:\Users\userWIN\source\repos\Osiris-master\Osiris\SDK\Entity.h(493,121): warning C4838: conversion from 'double' to 'float' requires a narrowing conversion (compiling source file Hacks\Chams.cpp)
C:\Users\userWIN\source\repos\Osiris-master\Osiris\SDK\Entity.h(493,121): warning C4244: 'initializing': conversion from 'double' to 'float', possible loss of data (compiling source file Hacks\Chams.cpp)
C:\Users\userWIN\source\repos\Osiris-master\Osiris\SDK\Entity.h(494,122): warning C4838: conversion from 'double' to 'float' requires a narrowing conversion (compiling source file Hacks\Chams.cpp)
C:\Users\userWIN\source\repos\Osiris-master\Osiris\SDK\Entity.h(494,122): warning C4244: 'initializing': conversion from 'double' to 'float', possible loss of data (compiling source file Hacks\Chams.cpp)
C:\Users\userWIN\source\repos\Osiris-master\Osiris\SDK\Entity.h(501,24): warning C4244: 'return': conversion from 'int' to 'float', possible loss of data (compiling source file Hacks\Chams.cpp)
C:\Users\userWIN\source\repos\Osiris-master\Osiris\SDK\Entity.h(503,26): warning C4244: '=': conversion from 'int' to 'float', possible loss of data (compiling source file Hacks\Chams.cpp)
C:\Users\userWIN\source\repos\Osiris-master\Osiris\Hacks\Resolver.cpp(81,23): warning C4018: '<': signed/unsigned mismatch
C:\Users\userWIN\source\repos\Osiris-master\Osiris\Hacks\Chams.cpp(178,35): warning C4018: '<': signed/unsigned mismatch
C:\Users\userWIN\source\repos\Osiris-master\Osiris\Hacks\Chams.cpp(193,35): warning C4018: '<': signed/unsigned mismatch
C:\Users\userWIN\source\repos\Osiris-master\Osiris\Hacks\Chams.cpp(227,39): warning C4018: '<': signed/unsigned mismatch
C:\Users\userWIN\source\repos\Osiris-master\Osiris\Hacks\Chams.cpp(239,47): warning C4018: '<': signed/unsigned mismatch
C:\Users\userWIN\source\repos\Osiris-master\Osiris\Hacks\Chams.cpp(263,43): warning C4018: '<': signed/unsigned mismatch
C:\Users\userWIN\source\repos\Osiris-master\Osiris\Hacks\Chams.cpp(270,51): warning C4018: '<': signed/unsigned mismatch
C:\Users\userWIN\source\repos\Osiris-master\Osiris\Hacks\Chams.cpp(293,43): warning C4018: '<': signed/unsigned mismatch
C:\Users\userWIN\source\repos\Osiris-master\Osiris\Hacks\Chams.cpp(301,47): warning C4018: '<': signed/unsigned mismatch
  Generating code
  9 of 10326 functions (<0.1%) were compiled, the rest were copied from previous compilation.
    0 functions were new in current compilation
    64 functions had inline decision re-evaluated but remain unchanged
  Finished generating code
  Osiris.vcxproj -> C:\Users\userWIN\source\repos\Osiris-master\Release\Osiris.dll
